<?xml version="1.0" encoding="utf-8"?><testsuites name="pytest tests"><testsuite name="pytest" errors="0" failures="9" skipped="1" tests="51" time="10.671" timestamp="2026-06-18T21:01:24.698554+00:00" hostname="agent-env-e0e9629e-8eb5-4b37-93fb-157d3285d0c7"><testcase classname="backend.tests.test_gps_tracking" name="test_fleet_locations_returns_seeded" time="0.398" /><testcase classname="backend.tests.test_gps_tracking" name="test_fleet_locations_403_for_non_admin" time="0.401" /><testcase classname="backend.tests.test_gps_tracking" name="test_post_location_403_for_non_admin" time="0.168" /><testcase classname="backend.tests.test_gps_tracking" name="test_get_location_403_for_non_admin" time="0.048" /><testcase classname="backend.tests.test_gps_tracking" name="test_get_track_403_for_non_admin" time="0.057" /><testcase classname="backend.tests.test_gps_tracking" name="test_post_location_parked_inside_fence" time="0.050" /><testcase classname="backend.tests.test_gps_tracking" name="test_post_location_city_speed" time="0.060" /><testcase classname="backend.tests.test_gps_tracking" name="test_post_location_highway_speed" time="0.047" /><testcase classname="backend.tests.test_gps_tracking" name="test_post_location_geofence_alert_munich" time="0.047" /><testcase classname="backend.tests.test_gps_tracking" name="test_post_location_geofence_just_outside" time="0.044" /><testcase classname="backend.tests.test_gps_tracking" name="test_post_location_404_for_unknown_vehicle" time="0.047" /><testcase classname="backend.tests.test_gps_tracking" name="test_get_location_reflects_last_post" time="0.104" /><testcase classname="backend.tests.test_gps_tracking" name="test_get_location_404_for_unknown" time="0.050" /><testcase classname="backend.tests.test_gps_tracking" name="test_get_track_history_chronological" time="0.198" /><testcase classname="backend.tests.test_gps_tracking" name="test_get_track_respects_limit" time="0.051" /><testcase classname="backend.tests.test_gps_tracking" name="test_regression_login_works" time="0.356" /><testcase classname="backend.tests.test_gps_tracking" name="test_regression_public_vehicles" time="0.159" /><testcase classname="backend.tests.test_gps_tracking" name="test_regression_public_locations" time="0.102" /><testcase classname="backend.tests.test_gps_tracking" name="test_regression_admin_customers" time="0.055" /><testcase classname="backend.tests.test_gps_tracking" name="test_regression_bookings_guest" time="0.105"><failure message="AssertionError: guest booking failed: 409 {&quot;detail&quot;:&quot;Fahrzeug in diesem Zeitraum nicht verfügbar&quot;}&#10;assert 409 in (200, 201)&#10; +  where 409 = &lt;Response [409]&gt;.status_code">E   AssertionError: guest booking failed: 409 {"detail":"Fahrzeug in diesem Zeitraum nicht verfügbar"}
    assert 409 in (200, 201)
     +  where 409 = &lt;Response [409]&gt;.status_code</failure></testcase><testcase classname="backend.tests.test_rentfux_api" name="test_health_root" time="0.152" /><testcase classname="backend.tests.test_rentfux_api" name="test_list_vehicles_seeded" time="0.108" /><testcase classname="backend.tests.test_rentfux_api" name="test_get_single_vehicle" time="0.218" /><testcase classname="backend.tests.test_rentfux_api" name="test_get_vehicle_not_found" time="0.111" /><testcase classname="backend.tests.test_rentfux_api" name="test_vehicles_filters" time="0.901" /><testcase classname="backend.tests.test_rentfux_api" name="test_list_locations_seeded" time="0.102" /><testcase classname="backend.tests.test_rentfux_api" name="test_register_duplicate" time="0.442" /><testcase classname="backend.tests.test_rentfux_api" name="test_admin_login_returns_admin_role" time="0.330" /><testcase classname="backend.tests.test_rentfux_api" name="test_login_invalid_password" time="0.111" /><testcase classname="backend.tests.test_rentfux_api" name="test_auth_me_with_bearer" time="0.431" /><testcase classname="backend.tests.test_rentfux_api" name="test_auth_me_unauthenticated" time="0.116" /><testcase classname="backend.tests.test_rentfux_api" name="test_logout_clears_cookies" time="0.399" /><testcase classname="backend.tests.test_rentfux_api" name="test_update_profile" time="0.114" /><testcase classname="backend.tests.test_rentfux_api" name="test_availability_true_before_booking" time="0.317" /><testcase classname="backend.tests.test_rentfux_api" name="test_create_booking_and_total" time="0.057"><failure message="AssertionError: {&quot;detail&quot;:&quot;Profil unvollständig. Bitte ergänze: Geburtsdatum, Führerscheinnummer, Vollständige Adresse, Führerschein-Upload, Personalausweis-Upload&quot;}&#10;assert 400 == 200&#10; +  where 400 = &lt;Response [400]&gt;.status_code">E   AssertionError: {"detail":"Profil unvollständig. Bitte ergänze: Geburtsdatum, Führerscheinnummer, Vollständige Adresse, Führerschein-Upload, Personalausweis-Upload"}
    assert 400 == 200
     +  where 400 = &lt;Response [400]&gt;.status_code</failure></testcase><testcase classname="backend.tests.test_rentfux_api" name="test_booking_conflict_overlap" time="0.002"><failure message="AttributeError: 'Session' object has no attribute 'booking_id'">E   AttributeError: 'Session' object has no attribute 'booking_id'</failure></testcase><testcase classname="backend.tests.test_rentfux_api" name="test_availability_false_during_booking" time="0.001"><failure message="AttributeError: 'Session' object has no attribute 'booked_vehicle'">E   AttributeError: 'Session' object has no attribute 'booked_vehicle'</failure></testcase><testcase classname="backend.tests.test_rentfux_api" name="test_my_bookings" time="0.057"><failure message="assert 0 &gt;= 1&#10; +  where 0 = len([])">E   assert 0 &gt;= 1
     +  where 0 = len([])</failure></testcase><testcase classname="backend.tests.test_rentfux_api" name="test_booking_owner_access" time="0.000"><failure message="AttributeError: 'Session' object has no attribute 'booking_id'">E   AttributeError: 'Session' object has no attribute 'booking_id'</failure></testcase><testcase classname="backend.tests.test_rentfux_api" name="test_booking_other_user_forbidden" time="0.371"><failure message="AttributeError: 'Session' object has no attribute 'booking_id'">E   AttributeError: 'Session' object has no attribute 'booking_id'</failure></testcase><testcase classname="backend.tests.test_rentfux_api" name="test_booking_invalid_vehicle" time="0.057"><failure message="assert 400 == 404&#10; +  where 400 = &lt;Response [400]&gt;.status_code">E   assert 400 == 404
     +  where 400 = &lt;Response [400]&gt;.status_code</failure></testcase><testcase classname="backend.tests.test_rentfux_api" name="test_non_admin_forbidden_stats" time="0.057" /><testcase classname="backend.tests.test_rentfux_api" name="test_non_admin_forbidden_bookings" time="0.061" /><testcase classname="backend.tests.test_rentfux_api" name="test_admin_stats" time="0.386" /><testcase classname="backend.tests.test_rentfux_api" name="test_admin_bookings_list" time="0.056" /><testcase classname="backend.tests.test_rentfux_api" name="test_admin_update_booking_status" time="0.000"><failure message="AttributeError: 'Session' object has no attribute 'booking_id'">E   AttributeError: 'Session' object has no attribute 'booking_id'</failure></testcase><testcase classname="backend.tests.test_rentfux_api" name="test_admin_customers" time="0.066" /><testcase classname="backend.tests.test_rentfux_api" name="test_admin_vehicle_crud" time="0.365" /><testcase classname="backend.tests.test_rentfux_api" name="test_admin_location_crud" time="0.256" /><testcase classname="backend.tests.test_rentfux_api" name="test_non_admin_cannot_create_vehicle" time="0.066" /><testcase classname="backend.tests.test_rentfux_api" name="test_brute_force_lockout" time="2.324"><skipped type="pytest.xfail" message="Lockout uses request.client.host which differs per k8s ingress request; ident never accumulates. Fix: include X-Forwarded-For or key off email only." /></testcase></testsuite></testsuites>