<?xml version="1.0" encoding="utf-8"?><testsuites name="pytest tests"><testsuite name="pytest" errors="0" failures="0" skipped="0" tests="20" time="2.701" timestamp="2026-06-18T21:02:14.352809+00:00" hostname="agent-env-e0e9629e-8eb5-4b37-93fb-157d3285d0c7"><testcase classname="backend.tests.test_gps_tracking" name="test_fleet_locations_returns_seeded" time="0.434" /><testcase classname="backend.tests.test_gps_tracking" name="test_fleet_locations_403_for_non_admin" time="0.392" /><testcase classname="backend.tests.test_gps_tracking" name="test_post_location_403_for_non_admin" time="0.162" /><testcase classname="backend.tests.test_gps_tracking" name="test_get_location_403_for_non_admin" time="0.047" /><testcase classname="backend.tests.test_gps_tracking" name="test_get_track_403_for_non_admin" time="0.045" /><testcase classname="backend.tests.test_gps_tracking" name="test_post_location_parked_inside_fence" time="0.065" /><testcase classname="backend.tests.test_gps_tracking" name="test_post_location_city_speed" time="0.054" /><testcase classname="backend.tests.test_gps_tracking" name="test_post_location_highway_speed" time="0.058" /><testcase classname="backend.tests.test_gps_tracking" name="test_post_location_geofence_alert_munich" time="0.052" /><testcase classname="backend.tests.test_gps_tracking" name="test_post_location_geofence_just_outside" time="0.052" /><testcase classname="backend.tests.test_gps_tracking" name="test_post_location_404_for_unknown_vehicle" time="0.052" /><testcase classname="backend.tests.test_gps_tracking" name="test_get_location_reflects_last_post" time="0.107" /><testcase classname="backend.tests.test_gps_tracking" name="test_get_location_404_for_unknown" time="0.050" /><testcase classname="backend.tests.test_gps_tracking" name="test_get_track_history_chronological" time="0.213" /><testcase classname="backend.tests.test_gps_tracking" name="test_get_track_respects_limit" time="0.052" /><testcase classname="backend.tests.test_gps_tracking" name="test_regression_login_works" time="0.329" /><testcase classname="backend.tests.test_gps_tracking" name="test_regression_public_vehicles" time="0.131" /><testcase classname="backend.tests.test_gps_tracking" name="test_regression_public_locations" time="0.105" /><testcase classname="backend.tests.test_gps_tracking" name="test_regression_admin_customers" time="0.063" /><testcase classname="backend.tests.test_gps_tracking" name="test_regression_bookings_guest" time="0.145" /></testsuite></testsuites>