<?xml version="1.0" encoding="utf-8"?><testsuites name="pytest tests"><testsuite name="pytest" errors="11" failures="5" skipped="0" tests="20" time="3.269" timestamp="2026-06-18T21:20:39.347826+00:00" hostname="agent-env-e0e9629e-8eb5-4b37-93fb-157d3285d0c7"><testcase classname="backend.tests.test_new_features.TestVehicleImagesAndFeaturesField" name="test_create_with_images_and_features" time="0.611"><failure message="AssertionError: {&quot;detail&quot;:[{&quot;type&quot;:&quot;literal_error&quot;,&quot;loc&quot;:[&quot;body&quot;,&quot;transmission&quot;],&quot;msg&quot;:&quot;Input should be 'Automatik' or 'Schaltgetriebe'&quot;,&quot;input&quot;:&quot;manuell&quot;,&quot;ctx&quot;:{&quot;expected&quot;:&quot;'Automatik' or 'Schaltgetriebe'&quot;},&quot;url&quot;:&quot;https://errors.pydantic.dev/2.12/v/literal_error&quot;}]}&#10;assert 422 == 200&#10; +  where 422 = &lt;Response [422]&gt;.status_code">backend/tests/test_new_features.py:94: in test_create_with_images_and_features
    assert r.status_code == 200, r.text
E   AssertionError: {"detail":[{"type":"literal_error","loc":["body","transmission"],"msg":"Input should be 'Automatik' or 'Schaltgetriebe'","input":"manuell","ctx":{"expected":"'Automatik' or 'Schaltgetriebe'"},"url":"https://errors.pydantic.dev/2.12/v/literal_error"}]}
E   assert 422 == 200
E    +  where 422 = &lt;Response [422]&gt;.status_code</failure></testcase><testcase classname="backend.tests.test_new_features.TestVehicleImagesAndFeaturesField" name="test_image_url_inserted_into_images_if_missing" time="0.096"><failure message="AssertionError: {&quot;detail&quot;:[{&quot;type&quot;:&quot;literal_error&quot;,&quot;loc&quot;:[&quot;body&quot;,&quot;transmission&quot;],&quot;msg&quot;:&quot;Input should be 'Automatik' or 'Schaltgetriebe'&quot;,&quot;input&quot;:&quot;manuell&quot;,&quot;ctx&quot;:{&quot;expected&quot;:&quot;'Automatik' or 'Schaltgetriebe'&quot;},&quot;url&quot;:&quot;https://errors.pydantic.dev/2.12/v/literal_error&quot;}]}&#10;assert 422 == 200&#10; +  where 422 = &lt;Response [422]&gt;.status_code">backend/tests/test_new_features.py:113: in test_image_url_inserted_into_images_if_missing
    assert r.status_code == 200, r.text
E   AssertionError: {"detail":[{"type":"literal_error","loc":["body","transmission"],"msg":"Input should be 'Automatik' or 'Schaltgetriebe'","input":"manuell","ctx":{"expected":"'Automatik' or 'Schaltgetriebe'"},"url":"https://errors.pydantic.dev/2.12/v/literal_error"}]}
E   assert 422 == 200
E    +  where 422 = &lt;Response [422]&gt;.status_code</failure></testcase><testcase classname="backend.tests.test_new_features.TestVehicleImagesAndFeaturesField" name="test_update_persists_features_and_images" time="0.123"><error message="failed on setup with &quot;AssertionError: {&quot;detail&quot;:[{&quot;type&quot;:&quot;literal_error&quot;,&quot;loc&quot;:[&quot;body&quot;,&quot;transmission&quot;],&quot;msg&quot;:&quot;Input should be 'Automatik' or 'Schaltgetriebe'&quot;,&quot;input&quot;:&quot;manuell&quot;,&quot;ctx&quot;:{&quot;expected&quot;:&quot;'Automatik' or 'Schaltgetriebe'&quot;},&quot;url&quot;:&quot;https://errors.pydantic.dev/2.12/v/literal_error&quot;}]}&#10;assert 422 == 200&#10; +  where 422 = &lt;Response [422]&gt;.status_code&quot;">backend/tests/test_new_features.py:73: in created_vehicle
    assert r.status_code == 200, r.text
E   AssertionError: {"detail":[{"type":"literal_error","loc":["body","transmission"],"msg":"Input should be 'Automatik' or 'Schaltgetriebe'","input":"manuell","ctx":{"expected":"'Automatik' or 'Schaltgetriebe'"},"url":"https://errors.pydantic.dev/2.12/v/literal_error"}]}
E   assert 422 == 200
E    +  where 422 = &lt;Response [422]&gt;.status_code</error></testcase><testcase classname="backend.tests.test_new_features.TestGetVehicleLocationName" name="test_returns_location_name" time="0.216"><failure message="KeyError: 'id'">backend/tests/test_new_features.py:153: in test_returns_location_name
    vid = r["id"]
          ^^^^^^^
E   KeyError: 'id'</failure></testcase><testcase classname="backend.tests.test_new_features.TestVehicleImageEndpoints" name="test_upload_invalid_ext_400" time="0.111"><error message="failed on setup with &quot;AssertionError: {&quot;detail&quot;:[{&quot;type&quot;:&quot;literal_error&quot;,&quot;loc&quot;:[&quot;body&quot;,&quot;transmission&quot;],&quot;msg&quot;:&quot;Input should be 'Automatik' or 'Schaltgetriebe'&quot;,&quot;input&quot;:&quot;manuell&quot;,&quot;ctx&quot;:{&quot;expected&quot;:&quot;'Automatik' or 'Schaltgetriebe'&quot;},&quot;url&quot;:&quot;https://errors.pydantic.dev/2.12/v/literal_error&quot;}]}&#10;assert 422 == 200&#10; +  where 422 = &lt;Response [422]&gt;.status_code&quot;">backend/tests/test_new_features.py:73: in created_vehicle
    assert r.status_code == 200, r.text
E   AssertionError: {"detail":[{"type":"literal_error","loc":["body","transmission"],"msg":"Input should be 'Automatik' or 'Schaltgetriebe'","input":"manuell","ctx":{"expected":"'Automatik' or 'Schaltgetriebe'"},"url":"https://errors.pydantic.dev/2.12/v/literal_error"}]}
E   assert 422 == 200
E    +  where 422 = &lt;Response [422]&gt;.status_code</error></testcase><testcase classname="backend.tests.test_new_features.TestVehicleImageEndpoints" name="test_upload_too_large_413" time="0.097"><error message="failed on setup with &quot;AssertionError: {&quot;detail&quot;:[{&quot;type&quot;:&quot;literal_error&quot;,&quot;loc&quot;:[&quot;body&quot;,&quot;transmission&quot;],&quot;msg&quot;:&quot;Input should be 'Automatik' or 'Schaltgetriebe'&quot;,&quot;input&quot;:&quot;manuell&quot;,&quot;ctx&quot;:{&quot;expected&quot;:&quot;'Automatik' or 'Schaltgetriebe'&quot;},&quot;url&quot;:&quot;https://errors.pydantic.dev/2.12/v/literal_error&quot;}]}&#10;assert 422 == 200&#10; +  where 422 = &lt;Response [422]&gt;.status_code&quot;">backend/tests/test_new_features.py:73: in created_vehicle
    assert r.status_code == 200, r.text
E   AssertionError: {"detail":[{"type":"literal_error","loc":["body","transmission"],"msg":"Input should be 'Automatik' or 'Schaltgetriebe'","input":"manuell","ctx":{"expected":"'Automatik' or 'Schaltgetriebe'"},"url":"https://errors.pydantic.dev/2.12/v/literal_error"}]}
E   assert 422 == 200
E    +  where 422 = &lt;Response [422]&gt;.status_code</error></testcase><testcase classname="backend.tests.test_new_features.TestVehicleImageEndpoints" name="test_upload_success_and_serve_and_delete" time="0.164"><error message="failed on setup with &quot;AssertionError: {&quot;detail&quot;:[{&quot;type&quot;:&quot;literal_error&quot;,&quot;loc&quot;:[&quot;body&quot;,&quot;transmission&quot;],&quot;msg&quot;:&quot;Input should be 'Automatik' or 'Schaltgetriebe'&quot;,&quot;input&quot;:&quot;manuell&quot;,&quot;ctx&quot;:{&quot;expected&quot;:&quot;'Automatik' or 'Schaltgetriebe'&quot;},&quot;url&quot;:&quot;https://errors.pydantic.dev/2.12/v/literal_error&quot;}]}&#10;assert 422 == 200&#10; +  where 422 = &lt;Response [422]&gt;.status_code&quot;">backend/tests/test_new_features.py:73: in created_vehicle
    assert r.status_code == 200, r.text
E   AssertionError: {"detail":[{"type":"literal_error","loc":["body","transmission"],"msg":"Input should be 'Automatik' or 'Schaltgetriebe'","input":"manuell","ctx":{"expected":"'Automatik' or 'Schaltgetriebe'"},"url":"https://errors.pydantic.dev/2.12/v/literal_error"}]}
E   assert 422 == 200
E    +  where 422 = &lt;Response [422]&gt;.status_code</error></testcase><testcase classname="backend.tests.test_new_features.TestVehicleImageEndpoints" name="test_reorder" time="0.100"><error message="failed on setup with &quot;AssertionError: {&quot;detail&quot;:[{&quot;type&quot;:&quot;literal_error&quot;,&quot;loc&quot;:[&quot;body&quot;,&quot;transmission&quot;],&quot;msg&quot;:&quot;Input should be 'Automatik' or 'Schaltgetriebe'&quot;,&quot;input&quot;:&quot;manuell&quot;,&quot;ctx&quot;:{&quot;expected&quot;:&quot;'Automatik' or 'Schaltgetriebe'&quot;},&quot;url&quot;:&quot;https://errors.pydantic.dev/2.12/v/literal_error&quot;}]}&#10;assert 422 == 200&#10; +  where 422 = &lt;Response [422]&gt;.status_code&quot;">backend/tests/test_new_features.py:73: in created_vehicle
    assert r.status_code == 200, r.text
E   AssertionError: {"detail":[{"type":"literal_error","loc":["body","transmission"],"msg":"Input should be 'Automatik' or 'Schaltgetriebe'","input":"manuell","ctx":{"expected":"'Automatik' or 'Schaltgetriebe'"},"url":"https://errors.pydantic.dev/2.12/v/literal_error"}]}
E   assert 422 == 200
E    +  where 422 = &lt;Response [422]&gt;.status_code</error></testcase><testcase classname="backend.tests.test_new_features.TestDeleteVehicle" name="test_soft_then_hard_delete" time="0.102"><failure message="KeyError: 'id'">backend/tests/test_new_features.py:255: in test_soft_then_hard_delete
    vid = r["id"]
          ^^^^^^^
E   KeyError: 'id'</failure></testcase><testcase classname="backend.tests.test_new_features.TestDeleteVehicle" name="test_hard_delete_blocked_with_active_booking" time="0.104"><error message="failed on setup with &quot;AssertionError: {&quot;detail&quot;:[{&quot;type&quot;:&quot;missing&quot;,&quot;loc&quot;:[&quot;body&quot;,&quot;name&quot;],&quot;msg&quot;:&quot;Field required&quot;,&quot;input&quot;:{&quot;email&quot;:&quot;TEST_user_ab2d325e@rentfux.de&quot;,&quot;password&quot;:&quot;User12345!&quot;,&quot;full_name&quot;:&quot;Test User&quot;,&quot;address&quot;:&quot;Hauptstr 1&quot;,&quot;postal_code&quot;:&quot;20095&quot;,&quot;city&quot;:&quot;Hamburg&quot;,&quot;phone&quot;:&quot;+491700000000&quot;,&quot;birth_date&quot;:&quot;1990-01-01&quot;,&quot;license_number&quot;:&quot;B1234567&quot;,&quot;license_country&quot;:&quot;DE&quot;},&quot;url&quot;:&quot;https://errors.pydantic.dev/2.12/v/missing&quot;}]}&#10;assert 422 == 200&#10; +  where 422 = &lt;Response [422]&gt;.status_code&quot;">backend/tests/test_new_features.py:54: in user_token
    assert r.status_code == 200, r.text
E   AssertionError: {"detail":[{"type":"missing","loc":["body","name"],"msg":"Field required","input":{"email":"TEST_user_ab2d325e@rentfux.de","password":"User12345!","full_name":"Test User","address":"Hauptstr 1","postal_code":"20095","city":"Hamburg","phone":"+491700000000","birth_date":"1990-01-01","license_number":"B1234567","license_country":"DE"},"url":"https://errors.pydantic.dev/2.12/v/missing"}]}
E   assert 422 == 200
E    +  where 422 = &lt;Response [422]&gt;.status_code</error></testcase><testcase classname="backend.tests.test_new_features.TestDeleteBooking" name="test_delete_unpaid_booking_ok" time="0.000"><error message="failed on setup with &quot;AssertionError: {&quot;detail&quot;:[{&quot;type&quot;:&quot;missing&quot;,&quot;loc&quot;:[&quot;body&quot;,&quot;name&quot;],&quot;msg&quot;:&quot;Field required&quot;,&quot;input&quot;:{&quot;email&quot;:&quot;TEST_user_ab2d325e@rentfux.de&quot;,&quot;password&quot;:&quot;User12345!&quot;,&quot;full_name&quot;:&quot;Test User&quot;,&quot;address&quot;:&quot;Hauptstr 1&quot;,&quot;postal_code&quot;:&quot;20095&quot;,&quot;city&quot;:&quot;Hamburg&quot;,&quot;phone&quot;:&quot;+491700000000&quot;,&quot;birth_date&quot;:&quot;1990-01-01&quot;,&quot;license_number&quot;:&quot;B1234567&quot;,&quot;license_country&quot;:&quot;DE&quot;},&quot;url&quot;:&quot;https://errors.pydantic.dev/2.12/v/missing&quot;}]}&#10;assert 422 == 200&#10; +  where 422 = &lt;Response [422]&gt;.status_code&quot;">backend/tests/test_new_features.py:54: in user_token
    assert r.status_code == 200, r.text
E   AssertionError: {"detail":[{"type":"missing","loc":["body","name"],"msg":"Field required","input":{"email":"TEST_user_ab2d325e@rentfux.de","password":"User12345!","full_name":"Test User","address":"Hauptstr 1","postal_code":"20095","city":"Hamburg","phone":"+491700000000","birth_date":"1990-01-01","license_number":"B1234567","license_country":"DE"},"url":"https://errors.pydantic.dev/2.12/v/missing"}]}
E   assert 422 == 200
E    +  where 422 = &lt;Response [422]&gt;.status_code</error></testcase><testcase classname="backend.tests.test_new_features.TestDeleteBooking" name="test_delete_paid_active_blocked" time="0.000"><error message="failed on setup with &quot;AssertionError: {&quot;detail&quot;:[{&quot;type&quot;:&quot;missing&quot;,&quot;loc&quot;:[&quot;body&quot;,&quot;name&quot;],&quot;msg&quot;:&quot;Field required&quot;,&quot;input&quot;:{&quot;email&quot;:&quot;TEST_user_ab2d325e@rentfux.de&quot;,&quot;password&quot;:&quot;User12345!&quot;,&quot;full_name&quot;:&quot;Test User&quot;,&quot;address&quot;:&quot;Hauptstr 1&quot;,&quot;postal_code&quot;:&quot;20095&quot;,&quot;city&quot;:&quot;Hamburg&quot;,&quot;phone&quot;:&quot;+491700000000&quot;,&quot;birth_date&quot;:&quot;1990-01-01&quot;,&quot;license_number&quot;:&quot;B1234567&quot;,&quot;license_country&quot;:&quot;DE&quot;},&quot;url&quot;:&quot;https://errors.pydantic.dev/2.12/v/missing&quot;}]}&#10;assert 422 == 200&#10; +  where 422 = &lt;Response [422]&gt;.status_code&quot;">backend/tests/test_new_features.py:54: in user_token
    assert r.status_code == 200, r.text
E   AssertionError: {"detail":[{"type":"missing","loc":["body","name"],"msg":"Field required","input":{"email":"TEST_user_ab2d325e@rentfux.de","password":"User12345!","full_name":"Test User","address":"Hauptstr 1","postal_code":"20095","city":"Hamburg","phone":"+491700000000","birth_date":"1990-01-01","license_number":"B1234567","license_country":"DE"},"url":"https://errors.pydantic.dev/2.12/v/missing"}]}
E   assert 422 == 200
E    +  where 422 = &lt;Response [422]&gt;.status_code</error></testcase><testcase classname="backend.tests.test_new_features.TestDeleteCustomer" name="test_delete_admin_forbidden" time="0.249" /><testcase classname="backend.tests.test_new_features.TestDeleteCustomer" name="test_delete_with_active_booking_409_then_force" time="0.101"><error message="failed on setup with &quot;AssertionError: {&quot;detail&quot;:[{&quot;type&quot;:&quot;literal_error&quot;,&quot;loc&quot;:[&quot;body&quot;,&quot;transmission&quot;],&quot;msg&quot;:&quot;Input should be 'Automatik' or 'Schaltgetriebe'&quot;,&quot;input&quot;:&quot;manuell&quot;,&quot;ctx&quot;:{&quot;expected&quot;:&quot;'Automatik' or 'Schaltgetriebe'&quot;},&quot;url&quot;:&quot;https://errors.pydantic.dev/2.12/v/literal_error&quot;}]}&#10;assert 422 == 200&#10; +  where 422 = &lt;Response [422]&gt;.status_code&quot;">backend/tests/test_new_features.py:73: in created_vehicle
    assert r.status_code == 200, r.text
E   AssertionError: {"detail":[{"type":"literal_error","loc":["body","transmission"],"msg":"Input should be 'Automatik' or 'Schaltgetriebe'","input":"manuell","ctx":{"expected":"'Automatik' or 'Schaltgetriebe'"},"url":"https://errors.pydantic.dev/2.12/v/literal_error"}]}
E   assert 422 == 200
E    +  where 422 = &lt;Response [422]&gt;.status_code</error></testcase><testcase classname="backend.tests.test_new_features.TestAdminAuthGuards" name="test_non_admin_blocked" time="0.000"><error message="failed on setup with &quot;AssertionError: {&quot;detail&quot;:[{&quot;type&quot;:&quot;missing&quot;,&quot;loc&quot;:[&quot;body&quot;,&quot;name&quot;],&quot;msg&quot;:&quot;Field required&quot;,&quot;input&quot;:{&quot;email&quot;:&quot;TEST_user_ab2d325e@rentfux.de&quot;,&quot;password&quot;:&quot;User12345!&quot;,&quot;full_name&quot;:&quot;Test User&quot;,&quot;address&quot;:&quot;Hauptstr 1&quot;,&quot;postal_code&quot;:&quot;20095&quot;,&quot;city&quot;:&quot;Hamburg&quot;,&quot;phone&quot;:&quot;+491700000000&quot;,&quot;birth_date&quot;:&quot;1990-01-01&quot;,&quot;license_number&quot;:&quot;B1234567&quot;,&quot;license_country&quot;:&quot;DE&quot;},&quot;url&quot;:&quot;https://errors.pydantic.dev/2.12/v/missing&quot;}]}&#10;assert 422 == 200&#10; +  where 422 = &lt;Response [422]&gt;.status_code&quot;">backend/tests/test_new_features.py:54: in user_token
    assert r.status_code == 200, r.text
E   AssertionError: {"detail":[{"type":"missing","loc":["body","name"],"msg":"Field required","input":{"email":"TEST_user_ab2d325e@rentfux.de","password":"User12345!","full_name":"Test User","address":"Hauptstr 1","postal_code":"20095","city":"Hamburg","phone":"+491700000000","birth_date":"1990-01-01","license_number":"B1234567","license_country":"DE"},"url":"https://errors.pydantic.dev/2.12/v/missing"}]}
E   assert 422 == 200
E    +  where 422 = &lt;Response [422]&gt;.status_code</error></testcase><testcase classname="backend.tests.test_new_features.TestAdminAuthGuards" name="test_public_image_serve_no_auth" time="0.117"><error message="failed on setup with &quot;AssertionError: {&quot;detail&quot;:[{&quot;type&quot;:&quot;literal_error&quot;,&quot;loc&quot;:[&quot;body&quot;,&quot;transmission&quot;],&quot;msg&quot;:&quot;Input should be 'Automatik' or 'Schaltgetriebe'&quot;,&quot;input&quot;:&quot;manuell&quot;,&quot;ctx&quot;:{&quot;expected&quot;:&quot;'Automatik' or 'Schaltgetriebe'&quot;},&quot;url&quot;:&quot;https://errors.pydantic.dev/2.12/v/literal_error&quot;}]}&#10;assert 422 == 200&#10; +  where 422 = &lt;Response [422]&gt;.status_code&quot;">backend/tests/test_new_features.py:73: in created_vehicle
    assert r.status_code == 200, r.text
E   AssertionError: {"detail":[{"type":"literal_error","loc":["body","transmission"],"msg":"Input should be 'Automatik' or 'Schaltgetriebe'","input":"manuell","ctx":{"expected":"'Automatik' or 'Schaltgetriebe'"},"url":"https://errors.pydantic.dev/2.12/v/literal_error"}]}
E   assert 422 == 200
E    +  where 422 = &lt;Response [422]&gt;.status_code</error></testcase><testcase classname="backend.tests.test_new_features.TestRegression" name="test_login" time="0.328" /><testcase classname="backend.tests.test_new_features.TestRegression" name="test_public_vehicles" time="0.103" /><testcase classname="backend.tests.test_new_features.TestRegression" name="test_guest_booking" time="0.310"><failure message="AssertionError: {&quot;detail&quot;:[{&quot;type&quot;:&quot;list_type&quot;,&quot;loc&quot;:[&quot;body&quot;,&quot;extras&quot;],&quot;msg&quot;:&quot;Input should be a valid list&quot;,&quot;input&quot;:{},&quot;url&quot;:&quot;https://errors.pydantic.dev/2.12/v/list_type&quot;},{&quot;type&quot;:&quot;missing&quot;,&quot;loc&quot;:[&quot;body&quot;,&quot;customer&quot;],&quot;msg&quot;:&quot;Field required&quot;,&quot;input&quot;:{&quot;vehicle_id&quot;:&quot;6457d458-02a4-4111-9a9c-83d18ae8294d&quot;,&quot;location_id&quot;:&quot;loc-hamburg-hbf&quot;,&quot;start_date&quot;:&quot;2032-01-01&quot;,&quot;end_date&quot;:&quot;2032-01-03&quot;,&quot;extras&quot;:{},&quot;discount_code&quot;:&quot;&quot;,&quot;guest&quot;:{&quot;email&quot;:&quot;TEST_guest_c36f1d@rentfux.de&quot;,&quot;full_name&quot;:&quot;Guest&quot;,&quot;phone&quot;:&quot;+491700000003&quot;,&quot;address&quot;:&quot;Hauptstr 1&quot;,&quot;postal_code&quot;:&quot;20095&quot;,&quot;city&quot;:&quot;Hamburg&quot;,&quot;birth_date&quot;:&quot;1990-01-01&quot;,&quot;license_number&quot;:&quot;B0001234&quot;,&quot;license_country&quot;:&quot;DE&quot;}},&quot;url&quot;:&quot;https://errors.pydantic.dev/2.12/v/missing&quot;},{&quot;type&quot;:&quot;missing&quot;,&quot;loc&quot;:[&quot;body&quot;,&quot;payment_method&quot;],&quot;msg&quot;:&quot;Field required&quot;,&quot;input&quot;:{&quot;vehicle_id&quot;:&quot;6457d458-02a4-4111-9a9c-83d18ae8294d&quot;,&quot;location_id&quot;:&quot;loc-hamburg-hbf&quot;,&quot;start_date&quot;:&quot;2032-01-01&quot;,&quot;end_date&quot;:&quot;2032-01-03&quot;,&quot;extras&quot;:{},&quot;discount_code&quot;:&quot;&quot;,&quot;guest&quot;:{&quot;email&quot;:&quot;TEST_guest_c36f1d@rentfux.de&quot;,&quot;full_name&quot;:&quot;Guest&quot;,&quot;phone&quot;:&quot;+491700000003&quot;,&quot;address&quot;:&quot;Hauptstr 1&quot;,&quot;postal_code&quot;:&quot;20095&quot;,&quot;city&quot;:&quot;Hamburg&quot;,&quot;birth_date&quot;:&quot;1990-01-01&quot;,&quot;license_number&quot;:&quot;B0001234&quot;,&quot;license_country&quot;:&quot;DE&quot;}},&quot;url&quot;:&quot;https://errors.pydantic.dev/2.12/v/missing&quot;}]}&#10;assert 422 == 200&#10; +  where 422 = &lt;Response [422]&gt;.status_code">backend/tests/test_new_features.py:425: in test_guest_booking
    assert r.status_code == 200, r.text
E   AssertionError: {"detail":[{"type":"list_type","loc":["body","extras"],"msg":"Input should be a valid list","input":{},"url":"https://errors.pydantic.dev/2.12/v/list_type"},{"type":"missing","loc":["body","customer"],"msg":"Field required","input":{"vehicle_id":"6457d458-02a4-4111-9a9c-83d18ae8294d","location_id":"loc-hamburg-hbf","start_date":"2032-01-01","end_date":"2032-01-03","extras":{},"discount_code":"","guest":{"email":"TEST_guest_c36f1d@rentfux.de","full_name":"Guest","phone":"+491700000003","address":"Hauptstr 1","postal_code":"20095","city":"Hamburg","birth_date":"1990-01-01","license_number":"B0001234","license_country":"DE"}},"url":"https://errors.pydantic.dev/2.12/v/missing"},{"type":"missing","loc":["body","payment_method"],"msg":"Field required","input":{"vehicle_id":"6457d458-02a4-4111-9a9c-83d18ae8294d","location_id":"loc-hamburg-hbf","start_date":"2032-01-01","end_date":"2032-01-03","extras":{},"discount_code":"","guest":{"email":"TEST_guest_c36f1d@rentfux.de","full_name":"Guest","phone":"+491700000003","address":"Hauptstr 1","postal_code":"20095","city":"Hamburg","birth_date":"1990-01-01","license_number":"B0001234","license_country":"DE"}},"url":"https://errors.pydantic.dev/2.12/v/missing"}]}
E   assert 422 == 200
E    +  where 422 = &lt;Response [422]&gt;.status_code</failure></testcase><testcase classname="backend.tests.test_new_features.TestRegression" name="test_admin_customers" time="0.109" /></testsuite></testsuites>