<?xml version="1.0" encoding="utf-8"?><testsuites name="pytest tests"><testsuite name="pytest" errors="0" failures="0" skipped="1" tests="31" time="27.285" timestamp="2026-04-22T21:25:37.686082+00:00" hostname="agent-env-e0e9629e-8eb5-4b37-93fb-157d3285d0c7"><testcase classname="backend.tests.test_rentfux_api" name="test_health_root" time="0.132" /><testcase classname="backend.tests.test_rentfux_api" name="test_list_vehicles_seeded" time="0.105" /><testcase classname="backend.tests.test_rentfux_api" name="test_get_single_vehicle" time="0.254" /><testcase classname="backend.tests.test_rentfux_api" name="test_get_vehicle_not_found" time="0.112" /><testcase classname="backend.tests.test_rentfux_api" name="test_vehicles_filters" time="0.664" /><testcase classname="backend.tests.test_rentfux_api" name="test_list_locations_seeded" time="0.106" /><testcase classname="backend.tests.test_rentfux_api" name="test_register_duplicate" time="0.473" /><testcase classname="backend.tests.test_rentfux_api" name="test_admin_login_returns_admin_role" time="0.329" /><testcase classname="backend.tests.test_rentfux_api" name="test_login_invalid_password" time="0.114" /><testcase classname="backend.tests.test_rentfux_api" name="test_auth_me_with_bearer" time="0.402" /><testcase classname="backend.tests.test_rentfux_api" name="test_auth_me_unauthenticated" time="0.102" /><testcase classname="backend.tests.test_rentfux_api" name="test_logout_clears_cookies" time="0.398" /><testcase classname="backend.tests.test_rentfux_api" name="test_update_profile" time="0.131" /><testcase classname="backend.tests.test_rentfux_api" name="test_availability_true_before_booking" time="0.353" /><testcase classname="backend.tests.test_rentfux_api" name="test_create_booking_and_total" time="0.060" /><testcase classname="backend.tests.test_rentfux_api" name="test_booking_conflict_overlap" time="0.165" /><testcase classname="backend.tests.test_rentfux_api" name="test_availability_false_during_booking" time="0.125" /><testcase classname="backend.tests.test_rentfux_api" name="test_my_bookings" time="0.062" /><testcase classname="backend.tests.test_rentfux_api" name="test_booking_owner_access" time="0.053" /><testcase classname="backend.tests.test_rentfux_api" name="test_booking_other_user_forbidden" time="0.411" /><testcase classname="backend.tests.test_rentfux_api" name="test_booking_invalid_vehicle" time="0.067" /><testcase classname="backend.tests.test_rentfux_api" name="test_non_admin_forbidden_stats" time="0.064" /><testcase classname="backend.tests.test_rentfux_api" name="test_non_admin_forbidden_bookings" time="0.054" /><testcase classname="backend.tests.test_rentfux_api" name="test_admin_stats" time="0.461" /><testcase classname="backend.tests.test_rentfux_api" name="test_admin_bookings_list" time="0.051" /><testcase classname="backend.tests.test_rentfux_api" name="test_admin_update_booking_status" time="0.055" /><testcase classname="backend.tests.test_rentfux_api" name="test_admin_customers" time="0.054" /><testcase classname="backend.tests.test_rentfux_api" name="test_admin_vehicle_crud" time="0.403" /><testcase classname="backend.tests.test_rentfux_api" name="test_admin_location_crud" time="0.261" /><testcase classname="backend.tests.test_rentfux_api" name="test_non_admin_cannot_create_vehicle" time="0.718" /><testcase classname="backend.tests.test_rentfux_api" name="test_brute_force_lockout" time="20.365"><skipped type="pytest.xfail" message="Lockout uses request.client.host which differs per k8s ingress request; ident never accumulates. Fix: include X-Forwarded-For or key off email only." /></testcase></testsuite></testsuites>